<?xml version="1.0" encoding="UTF-8"?>
<!-- Generated by org.testng.reporters.JUnitReportReporter -->
<testsuite hostname="DESKTOP-QLLOF3M" failures="0" tests="2" name="TestNG.Introduction" time="0.005" errors="0" timestamp="2025-06-04T13:22:09 CEST" skipped="0">
  <testcase classname="TestNG.Introduction" name="demo2" time="0.000"/>
  <testcase classname="TestNG.Introduction" name="demo" time="0.005"/>
</testsuite> <!-- TestNG.Introduction -->
