<?xml version="1.0" encoding="UTF-8"?>
<!-- Generated by org.testng.reporters.JUnitReportReporter -->
<testsuite hostname="DESKTOP-QLLOF3M" failures="0" tests="2" name="TestNG.CarLoans" time="0.001" errors="0" timestamp="2025-06-04T13:22:09 CEST" skipped="0">
  <testcase classname="TestNG.CarLoans" name="APICarLoan" time="0.001"/>
  <testcase classname="TestNG.CarLoans" name="mobileCarLoan" time="0.000"/>
</testsuite> <!-- TestNG.CarLoans -->
