<?xml version="1.0" encoding="UTF-8"?>
<!-- Generated by org.testng.reporters.JUnitReportReporter -->
<testsuite hostname="DESKTOP-QLLOF3M" failures="0" tests="1" name="homeLoans.HomeLoans" time="0.000" errors="0" timestamp="2025-06-04T13:22:09 CEST" skipped="0">
  <testcase classname="homeLoans.HomeLoans" name="mobileHomeLoan" time="0.000"/>
</testsuite> <!-- homeLoans.HomeLoans -->
