<?xml version="1.0" encoding="UTF-8"?>
<!-- Generated by org.testng.reporters.JUnitReportReporter -->
<testsuite hostname="DESKTOP-QLLOF3M" failures="0" tests="3" name="homeLoans.HomeLoans" time="0.006" errors="0" timestamp="2025-07-13T14:55:02 CEST" skipped="0">
  <testcase classname="homeLoans.HomeLoans" name="mobileHomeLoan" time="0.001"/>
  <testcase classname="homeLoans.HomeLoans" name="webHomeLoan" time="0.000"/>
  <testcase classname="homeLoans.HomeLoans" name="APIhomeLoan" time="0.005"/>
</testsuite> <!-- homeLoans.HomeLoans -->
